Using pre-set license
Built from '2021.3/staging' branch; Version is '2021.3.8f1 (b30333d56e81) revision 11731763'; Using compiler version '192829333'; Build Type 'Release'
OS: 'Windows 10  (10.0.19044) 64bit Professional' Language: 'tr' Physical Memory: 16163 MB
BatchMode: 1, IsHumanControllingUs: 0, StartBugReporterOnCrash: 0, Is64bit: 1, IsPro: 1

COMMAND LINE ARGUMENTS:
C:\Program Files\Unity\Hub\Editor\2021.3.8f1\Editor\Unity.exe
-adb2
-batchMode
-noUpm
-name
AssetImportWorker1
-projectPath
D:/YEDEKLER/Shoot-Click/Shoot Click
-logFile
Logs/AssetImportWorker1.log
-srvPort
50077
Successfully changed project path to: D:/YEDEKLER/Shoot-Click/Shoot Click
D:/YEDEKLER/Shoot-Click/Shoot Click
[UnityMemory] Configuration Parameters - Can be set up in boot.config
    "memorysetup-bucket-allocator-granularity=16"
    "memorysetup-bucket-allocator-bucket-count=8"
    "memorysetup-bucket-allocator-block-size=33554432"
    "memorysetup-bucket-allocator-block-count=8"
    "memorysetup-main-allocator-block-size=16777216"
    "memorysetup-thread-allocator-block-size=16777216"
    "memorysetup-gfx-main-allocator-block-size=16777216"
    "memorysetup-gfx-thread-allocator-block-size=16777216"
    "memorysetup-cache-allocator-block-size=4194304"
    "memorysetup-typetree-allocator-block-size=2097152"
    "memorysetup-profiler-bucket-allocator-granularity=16"
    "memorysetup-profiler-bucket-allocator-bucket-count=8"
    "memorysetup-profiler-bucket-allocator-block-size=33554432"
    "memorysetup-profiler-bucket-allocator-block-count=8"
    "memorysetup-profiler-allocator-block-size=16777216"
    "memorysetup-profiler-editor-allocator-block-size=1048576"
    "memorysetup-temp-allocator-size-main=16777216"
    "memorysetup-job-temp-allocator-block-size=2097152"
    "memorysetup-job-temp-allocator-block-size-background=1048576"
    "memorysetup-job-temp-allocator-reduction-small-platforms=262144"
    "memorysetup-temp-allocator-size-background-worker=32768"
    "memorysetup-temp-allocator-size-job-worker=262144"
    "memorysetup-temp-allocator-size-preload-manager=33554432"
    "memorysetup-temp-allocator-size-nav-mesh-worker=65536"
    "memorysetup-temp-allocator-size-audio-worker=65536"
    "memorysetup-temp-allocator-size-cloud-worker=32768"
    "memorysetup-temp-allocator-size-gi-baking-worker=262144"
    "memorysetup-temp-allocator-size-gfx=262144"
Refreshing native plugins compatible for Editor in 64.75 ms, found 3 plugins.
Preloading 0 native plugins for Editor in 0.00 ms.
Initialize engine version: 2021.3.8f1 (b30333d56e81)
[Subsystems] Discovering subsystems at path C:/Program Files/Unity/Hub/Editor/2021.3.8f1/Editor/Data/Resources/UnitySubsystems
[Subsystems] Discovering subsystems at path D:/YEDEKLER/Shoot-Click/Shoot Click/Assets
GfxDevice: creating device client; threaded=0; jobified=0
Direct3D:
    Version:  Direct3D 11.0 [level 11.1]
    Renderer: NVIDIA GeForce RTX 3050 Ti Laptop GPU (ID=0x25a0)
    Vendor:   NVIDIA
    VRAM:     3990 MB
    Driver:   27.21.14.6275
Initialize mono
Mono path[0] = 'C:/Program Files/Unity/Hub/Editor/2021.3.8f1/Editor/Data/Managed'
Mono path[1] = 'C:/Program Files/Unity/Hub/Editor/2021.3.8f1/Editor/Data/MonoBleedingEdge/lib/mono/unityjit-win32'
Mono config path = 'C:/Program Files/Unity/Hub/Editor/2021.3.8f1/Editor/Data/MonoBleedingEdge/etc'
Using monoOptions --debugger-agent=transport=dt_socket,embedding=1,server=y,suspend=n,address=127.0.0.1:56148
Begin MonoManager ReloadAssembly
Registering precompiled unity dll's ...
Register platform support module: C:/Program Files/Unity/Hub/Editor/2021.3.8f1/Editor/Data/PlaybackEngines/AndroidPlayer/UnityEditor.Android.Extensions.dll
Register platform support module: C:/Program Files/Unity/Hub/Editor/2021.3.8f1/Editor/Data/PlaybackEngines/iOSSupport/UnityEditor.iOS.Extensions.dll
Register platform support module: C:/Program Files/Unity/Hub/Editor/2021.3.8f1/Editor/Data/PlaybackEngines/WindowsStandaloneSupport/UnityEditor.WindowsStandalone.Extensions.dll
Registered in 0.005774 seconds.
Native extension for WindowsStandalone target not found
[usbmuxd] Start listen thread
[usbmuxd] Listen thread started
Native extension for iOS target not found
Native extension for Android target not found
Refreshing native plugins compatible for Editor in 65.14 ms, found 3 plugins.
Preloading 0 native plugins for Editor in 0.00 ms.
Mono: successfully reloaded assembly
- Completed reload, in  0.533 seconds
Domain Reload Profiling:
	ReloadAssembly (533ms)
		BeginReloadAssembly (59ms)
			ExecutionOrderSort (0ms)
			DisableScriptedObjects (0ms)
			BackupInstance (0ms)
			ReleaseScriptingObjects (0ms)
			CreateAndSetChildDomain (1ms)
		EndReloadAssembly (384ms)
			LoadAssemblies (58ms)
			RebuildTransferFunctionScriptingTraits (0ms)
			SetupTypeCache (96ms)
			ReleaseScriptCaches (0ms)
			RebuildScriptCaches (21ms)
			SetupLoadedEditorAssemblies (228ms)
				LogAssemblyErrors (0ms)
				InitializePlatformSupportModulesInManaged (51ms)
				SetLoadedEditorAssemblies (0ms)
				RefreshPlugins (65ms)
				BeforeProcessingInitializeOnLoad (1ms)
				ProcessInitializeOnLoadAttributes (75ms)
				ProcessInitializeOnLoadMethodAttributes (35ms)
				AfterProcessingInitializeOnLoad (0ms)
				EditorAssembliesLoaded (0ms)
			ExecutionOrderSort2 (0ms)
			AwakeInstancesAfterBackupRestoration (0ms)
Platform modules already initialized, skipping
Registering precompiled user dll's ...
Registered in 0.002985 seconds.
Begin MonoManager ReloadAssembly
Symbol file LoadedFromMemory doesn't match image D:\YEDEKLER\Shoot-Click\Shoot Click\Library\PackageCache\com.unity.visualscripting@1.7.8\Editor\VisualScripting.Core\Dependencies\YamlDotNet\Unity.VisualScripting.YamlDotNet.dll
Symbol file LoadedFromMemory doesn't match image D:\YEDEKLER\Shoot-Click\Shoot Click\Library\PackageCache\com.unity.visualscripting@1.7.8\Editor\VisualScripting.Core\Dependencies\DotNetZip\Unity.VisualScripting.IonicZip.dll
Native extension for WindowsStandalone target not found
Native extension for iOS target not found
Native extension for Android target not found
Refreshing native plugins compatible for Editor in 0.51 ms, found 3 plugins.
Preloading 0 native plugins for Editor in 0.00 ms.
Mono: successfully reloaded assembly
- Completed reload, in  0.909 seconds
Domain Reload Profiling:
	ReloadAssembly (910ms)
		BeginReloadAssembly (210ms)
			ExecutionOrderSort (0ms)
			DisableScriptedObjects (4ms)
			BackupInstance (0ms)
			ReleaseScriptingObjects (0ms)
			CreateAndSetChildDomain (132ms)
		EndReloadAssembly (614ms)
			LoadAssemblies (73ms)
			RebuildTransferFunctionScriptingTraits (0ms)
			SetupTypeCache (200ms)
			ReleaseScriptCaches (1ms)
			RebuildScriptCaches (40ms)
			SetupLoadedEditorAssemblies (280ms)
				LogAssemblyErrors (0ms)
				InitializePlatformSupportModulesInManaged (19ms)
				SetLoadedEditorAssemblies (0ms)
				RefreshPlugins (1ms)
				BeforeProcessingInitializeOnLoad (65ms)
				ProcessInitializeOnLoadAttributes (167ms)
				ProcessInitializeOnLoadMethodAttributes (22ms)
				AfterProcessingInitializeOnLoad (6ms)
				EditorAssembliesLoaded (0ms)
			ExecutionOrderSort2 (0ms)
			AwakeInstancesAfterBackupRestoration (5ms)
Platform modules already initialized, skipping
========================================================================
Worker process is ready to serve import requests
Launched and connected shader compiler UnityShaderCompiler.exe after 0.04 seconds
Refreshing native plugins compatible for Editor in 0.55 ms, found 3 plugins.
Preloading 0 native plugins for Editor in 0.00 ms.
Unloading 3377 Unused Serialized files (Serialized files now loaded: 0)
Unloading 27 unused Assets / (111.1 KB). Loaded Objects now: 3836.
Memory consumption went from 116.1 MB to 116.0 MB.
Total: 3.261700 ms (FindLiveObjects: 0.503900 ms CreateObjectMapping: 0.291000 ms MarkObjects: 2.315000 ms  DeleteObjects: 0.150600 ms)

AssetImportParameters requested are different than current active one (requested -> active):
  custom:video-decoder-ogg-theora: a1e56fd34408186e4bbccfd4996cb3dc -> 
  custom:container-muxer-webm: aa71ff27fc2769a1b78a27578f13a17b -> 
  custom:container-demuxer-webm: 4f35f7cbe854078d1ac9338744f61a02 -> 
  custom:video-encoder-webm-vp8: eb34c28f22e8b96e1ab97ce403110664 -> 
  custom:audio-encoder-webm-vorbis: bf7c407c2cedff20999df2af8eb42d56 -> 
  custom:framework-win-MediaFoundation: 216162199b28c13a410421893ffa2e32 -> 
  custom:container-demuxer-ogg: 62fdf1f143b41e24485cea50d1cbac27 -> 
  custom:video-decoder-webm-vp8: 9c59270c3fd7afecdb556c50c9e8de78 -> 
  custom:audio-decoder-ogg-vorbis: bf7c407c2cedff20999df2af8eb42d56 -> 
========================================================================
Received Import Request.
  Time since last request: 1594168.127314 seconds.
  path: Assets/FattyPolyTurretFree
  artifactKey: Guid(4b75dcd2ae59cc14ebbc3f3466ec2991) Importer(815301076,1909f56bfc062723c751e8b465ee728b)
Start importing Assets/FattyPolyTurretFree using Guid(4b75dcd2ae59cc14ebbc3f3466ec2991) Importer(815301076,1909f56bfc062723c751e8b465ee728b)  -> (artifact id: '31a0c20d42380788c07e4de9b5563d55') in 0.011780 seconds 
========================================================================
Received Prepare
Registering precompiled user dll's ...
Registered in 0.003359 seconds.
Begin MonoManager ReloadAssembly
Symbol file LoadedFromMemory doesn't match image D:\YEDEKLER\Shoot-Click\Shoot Click\Library\PackageCache\com.unity.visualscripting@1.7.8\Editor\VisualScripting.Core\Dependencies\YamlDotNet\Unity.VisualScripting.YamlDotNet.dll
Symbol file LoadedFromMemory doesn't match image D:\YEDEKLER\Shoot-Click\Shoot Click\Library\PackageCache\com.unity.visualscripting@1.7.8\Editor\VisualScripting.Core\Dependencies\DotNetZip\Unity.VisualScripting.IonicZip.dll
Native extension for WindowsStandalone target not found
Native extension for iOS target not found
Native extension for Android target not found
Refreshing native plugins compatible for Editor in 0.57 ms, found 3 plugins.
Preloading 0 native plugins for Editor in 0.00 ms.
Mono: successfully reloaded assembly
- Completed reload, in  0.825 seconds
Domain Reload Profiling:
	ReloadAssembly (825ms)
		BeginReloadAssembly (110ms)
			ExecutionOrderSort (0ms)
			DisableScriptedObjects (4ms)
			BackupInstance (0ms)
			ReleaseScriptingObjects (0ms)
			CreateAndSetChildDomain (33ms)
		EndReloadAssembly (641ms)
			LoadAssemblies (62ms)
			RebuildTransferFunctionScriptingTraits (0ms)
			SetupTypeCache (214ms)
			ReleaseScriptCaches (1ms)
			RebuildScriptCaches (32ms)
			SetupLoadedEditorAssemblies (295ms)
				LogAssemblyErrors (0ms)
				InitializePlatformSupportModulesInManaged (28ms)
				SetLoadedEditorAssemblies (0ms)
				RefreshPlugins (1ms)
				BeforeProcessingInitializeOnLoad (51ms)
				ProcessInitializeOnLoadAttributes (183ms)
				ProcessInitializeOnLoadMethodAttributes (26ms)
				AfterProcessingInitializeOnLoad (5ms)
				EditorAssembliesLoaded (0ms)
			ExecutionOrderSort2 (0ms)
			AwakeInstancesAfterBackupRestoration (6ms)
Platform modules already initialized, skipping
Refreshing native plugins compatible for Editor in 1.32 ms, found 3 plugins.
Preloading 0 native plugins for Editor in 0.00 ms.
Unloading 3372 Unused Serialized files (Serialized files now loaded: 0)
Unloading 20 unused Assets / (78.2 KB). Loaded Objects now: 3839.
Memory consumption went from 116.1 MB to 116.0 MB.
Total: 2.449700 ms (FindLiveObjects: 0.228100 ms CreateObjectMapping: 0.083700 ms MarkObjects: 2.048300 ms  DeleteObjects: 0.088700 ms)

AssetImportParameters requested are different than current active one (requested -> active):
  custom:video-decoder-ogg-theora: a1e56fd34408186e4bbccfd4996cb3dc -> 
  custom:container-muxer-webm: aa71ff27fc2769a1b78a27578f13a17b -> 
  custom:container-demuxer-webm: 4f35f7cbe854078d1ac9338744f61a02 -> 
  custom:video-encoder-webm-vp8: eb34c28f22e8b96e1ab97ce403110664 -> 
  custom:audio-encoder-webm-vorbis: bf7c407c2cedff20999df2af8eb42d56 -> 
  custom:framework-win-MediaFoundation: 216162199b28c13a410421893ffa2e32 -> 
  custom:container-demuxer-ogg: 62fdf1f143b41e24485cea50d1cbac27 -> 
  custom:video-decoder-webm-vp8: 9c59270c3fd7afecdb556c50c9e8de78 -> 
  custom:audio-decoder-ogg-vorbis: bf7c407c2cedff20999df2af8eb42d56 -> 
========================================================================
Received Import Request.
  Time since last request: 318.425443 seconds.
  path: Assets/FattyPolyTurretFree/Scenes/FattyPolyMortar_Free/ReflectionProbe-0.exr
  artifactKey: Guid(4f2498353f2e6cd48af938f02779a99b) Importer(815301076,1909f56bfc062723c751e8b465ee728b)
Start importing Assets/FattyPolyTurretFree/Scenes/FattyPolyMortar_Free/ReflectionProbe-0.exr using Guid(4f2498353f2e6cd48af938f02779a99b) Importer(815301076,1909f56bfc062723c751e8b465ee728b)  -> (artifact id: 'c732fc3d463dc87ede2396d9b5f08799') in 0.097604 seconds 
========================================================================
Received Import Request.
  Time since last request: 36.248778 seconds.
  path: Assets/FattyPolyTurretFree/Meshs/CannonG_Barrel02.FBX
  artifactKey: Guid(565b27b999c1f6f43aee1750c78d8150) Importer(815301076,1909f56bfc062723c751e8b465ee728b)
Start importing Assets/FattyPolyTurretFree/Meshs/CannonG_Barrel02.FBX using Guid(565b27b999c1f6f43aee1750c78d8150) Importer(815301076,1909f56bfc062723c751e8b465ee728b)  -> (artifact id: '658571ca57ca1e57a5bcef51fde2ae17') in 0.228792 seconds 
========================================================================
Received Import Request.
  Time since last request: 0.000021 seconds.
  path: Assets/FattyPolyTurretFree/Meshs/MortarG_Stand00.FBX
  artifactKey: Guid(fbc9a7cd1bc0d1f47857ed598389ba8d) Importer(815301076,1909f56bfc062723c751e8b465ee728b)
Start importing Assets/FattyPolyTurretFree/Meshs/MortarG_Stand00.FBX using Guid(fbc9a7cd1bc0d1f47857ed598389ba8d) Importer(815301076,1909f56bfc062723c751e8b465ee728b)  -> (artifact id: '3842e1a09c7d1a2f2acd7f54443e32d5') in 0.033171 seconds 
========================================================================
Received Import Request.
  Time since last request: 0.000032 seconds.
  path: Assets/FattyPolyTurretFree/Meshs/CannonG_Plate00.FBX
  artifactKey: Guid(0c79d9d4997a7ea42ac2c62162d84cac) Importer(815301076,1909f56bfc062723c751e8b465ee728b)
Start importing Assets/FattyPolyTurretFree/Meshs/CannonG_Plate00.FBX using Guid(0c79d9d4997a7ea42ac2c62162d84cac) Importer(815301076,1909f56bfc062723c751e8b465ee728b)  -> (artifact id: 'f716d91e6c29aca1620045e8803b507d') in 0.066495 seconds 
========================================================================
Received Import Request.
  Time since last request: 0.000019 seconds.
  path: Assets/FattyPolyTurretFree/Meshs/CannonG_Guard00.FBX
  artifactKey: Guid(f019c9619c8574c42a0973068e562948) Importer(815301076,1909f56bfc062723c751e8b465ee728b)
Start importing Assets/FattyPolyTurretFree/Meshs/CannonG_Guard00.FBX using Guid(f019c9619c8574c42a0973068e562948) Importer(815301076,1909f56bfc062723c751e8b465ee728b)  -> (artifact id: 'd306c75cccbac54986ce5d24dec46308') in 0.019224 seconds 
========================================================================
Received Import Request.
  Time since last request: 1042.611268 seconds.
  path: Assets/UI/square 5.png
  artifactKey: Guid(4459c44a301fcae4b84c0ddc98f0588b) Importer(815301076,1909f56bfc062723c751e8b465ee728b)
Start importing Assets/UI/square 5.png using Guid(4459c44a301fcae4b84c0ddc98f0588b) Importer(815301076,1909f56bfc062723c751e8b465ee728b)  -> (artifact id: '1645ceb3818fdd75f133c95ef16dd72d') in 0.049804 seconds 
========================================================================
Received Import Request.
  Time since last request: 0.000037 seconds.
  path: Assets/UI/squares 2.png
  artifactKey: Guid(7ada10552f921624399a8175aed2b88a) Importer(815301076,1909f56bfc062723c751e8b465ee728b)
Start importing Assets/UI/squares 2.png using Guid(7ada10552f921624399a8175aed2b88a) Importer(815301076,1909f56bfc062723c751e8b465ee728b)  -> (artifact id: '5bcf5c953599f9a1d11101b8d5be3732') in 0.035226 seconds 
========================================================================
Received Import Request.
  Time since last request: 0.000075 seconds.
  path: Assets/UI/squares3.png
  artifactKey: Guid(aa0d8b54db2575449b0063929064c5c6) Importer(815301076,1909f56bfc062723c751e8b465ee728b)
Start importing Assets/UI/squares3.png using Guid(aa0d8b54db2575449b0063929064c5c6) Importer(815301076,1909f56bfc062723c751e8b465ee728b)  -> (artifact id: '7fd093c5b6ff468f1a609f6415c3d310') in 0.026988 seconds 
========================================================================
Received Import Request.
  Time since last request: 0.000029 seconds.
  path: Assets/UI/square.png
  artifactKey: Guid(3532f0f267951d94e9061964605c57a5) Importer(815301076,1909f56bfc062723c751e8b465ee728b)
Start importing Assets/UI/square.png using Guid(3532f0f267951d94e9061964605c57a5) Importer(815301076,1909f56bfc062723c751e8b465ee728b)  -> (artifact id: '5842c5874c78e405b9fed62fe8ec839b') in 0.029541 seconds 
========================================================================
Received Import Request.
  Time since last request: 9.276989 seconds.
  path: Assets/UI/square 4.png
  artifactKey: Guid(a0f3656a3a2ef3c4ea986b89419b0ff9) Importer(815301076,1909f56bfc062723c751e8b465ee728b)
Start importing Assets/UI/square 4.png using Guid(a0f3656a3a2ef3c4ea986b89419b0ff9) Importer(815301076,1909f56bfc062723c751e8b465ee728b)  -> (artifact id: '855d2e44e55a3af298c9ca0993a2c8e3') in 0.099024 seconds 
========================================================================
Received Import Request.
  Time since last request: 0.000027 seconds.
  path: Assets/UI/square.png
  artifactKey: Guid(3532f0f267951d94e9061964605c57a5) Importer(815301076,1909f56bfc062723c751e8b465ee728b)
Start importing Assets/UI/square.png using Guid(3532f0f267951d94e9061964605c57a5) Importer(815301076,1909f56bfc062723c751e8b465ee728b)  -> (artifact id: 'ae82424ed41ee88d88c5546647685d91') in 0.073344 seconds 
Editor requested this worker to shutdown with reason: Scaling down because of idle timeout
AssetImportWorker is now disconnected from the server
Process exiting
Exiting without the bug reporter. Application will terminate with return code 0